<?xml version="1.0" encoding="UTF-8"?>
<!-- Generated by org.testng.reporters.JUnitReportReporter -->
<testsuite skipped="0" hostname="Admin-PC" name="Sample.sample2" tests="1" failures="0" timestamp="05 Aug 2019 06:25:06 GMT" time="0.218" errors="0">
  <testcase name="report" time="0.218" classname="Sample.sample2"/>
</testsuite> <!-- Sample.sample2 -->
