<?xml version="1.0" encoding="UTF-8"?>
<!-- Generated by org.testng.reporters.JUnitReportReporter -->
<testsuite skipped="0" hostname="Admin-PC" name="Sample.Sample1" tests="1" failures="0" timestamp="05 Aug 2019 06:17:49 GMT" time="0.109" errors="0">
  <testcase name="console" time="0.109" classname="Sample.Sample1"/>
</testsuite> <!-- Sample.Sample1 -->
